<?xml version="1.0" encoding="UTF-8"?>
<testng-results skipped="0" failed="0" total="4" passed="4">
  <reporter-output>
  </reporter-output>
  <suite name="OrangeHRM Test Suite" duration-ms="78748" started-at="2016-12-03T02:52:57Z" finished-at="2016-12-03T02:54:15Z">
    <groups>
    </groups>
    <test name="Regression Test" duration-ms="78748" started-at="2016-12-03T02:52:57Z" finished-at="2016-12-03T02:54:15Z">
      <class name="com.orangehrm.tests.AdminLoginTest">
        <test-method status="PASS" signature="launcApp()[pri:0, instance:com.orangehrm.tests.AdminLoginTest@1cff8e3a]" name="launcApp" is-config="true" duration-ms="8970" started-at="2016-12-03T08:22:57Z" finished-at="2016-12-03T08:23:06Z">
          <reporter-output>
          </reporter-output>
        </test-method> <!-- launcApp -->
        <test-method status="PASS" signature="adminLoginTest()[pri:0, instance:com.orangehrm.tests.AdminLoginTest@1cff8e3a]" name="adminLoginTest" duration-ms="4982" started-at="2016-12-03T08:23:06Z" finished-at="2016-12-03T08:23:11Z">
          <reporter-output>
          </reporter-output>
        </test-method> <!-- adminLoginTest -->
        <test-method status="PASS" signature="closeApp()[pri:0, instance:com.orangehrm.tests.AdminLoginTest@1cff8e3a]" name="closeApp" is-config="true" duration-ms="999" started-at="2016-12-03T08:24:14Z" finished-at="2016-12-03T08:24:15Z">
          <reporter-output>
          </reporter-output>
        </test-method> <!-- closeApp -->
      </class> <!-- com.orangehrm.tests.AdminLoginTest -->
      <class name="com.orangehrm.tests.NewUserRegTest">
        <test-method status="PASS" signature="userReg_init()[pri:0, instance:com.orangehrm.tests.NewUserRegTest@3b1a82fd]" name="userReg_init" is-config="true" duration-ms="2839" started-at="2016-12-03T08:23:39Z" finished-at="2016-12-03T08:23:42Z">
          <reporter-output>
          </reporter-output>
        </test-method> <!-- userReg_init -->
        <test-method status="PASS" signature="userRegTest()[pri:0, instance:com.orangehrm.tests.NewUserRegTest@3b1a82fd]" name="userRegTest" duration-ms="6490" started-at="2016-12-03T08:23:42Z" finished-at="2016-12-03T08:23:49Z">
          <reporter-output>
          </reporter-output>
        </test-method> <!-- userRegTest -->
        <test-method status="FAIL" signature="userReg_end()[pri:0, instance:com.orangehrm.tests.NewUserRegTest@3b1a82fd]" name="userReg_end" is-config="true" duration-ms="0" started-at="2016-12-03T08:23:49Z" finished-at="2016-12-03T08:23:49Z">
          <exception class="org.openqa.selenium.StaleElementReferenceException">
            <message>
              <![CDATA[Element not found in the cache - perhaps the page has changed since it was looked up
Command duration or timeout: 22.46 seconds
For documentation on this error, please visit: http://seleniumhq.org/exceptions/stale_element_reference.html
Build info: version: '2.53.1', revision: 'a36b8b1', time: '2016-06-30 17:37:03'
System info: host: 'sureshsir-PC', ip: '10.172.0.15', os.name: 'Windows 7', os.arch: 'amd64', os.version: '6.1', java.version: '1.7.0_79'
Session ID: 5b4988d2-b1ee-474a-bf3a-a8aee9a66890
Driver info: org.openqa.selenium.firefox.FirefoxDriver
Capabilities [{platform=WINDOWS, acceptSslCerts=true, javascriptEnabled=true, cssSelectorsEnabled=true, databaseEnabled=true, browserName=firefox, handlesAlerts=true, nativeEvents=false, webStorageEnabled=true, rotatable=false, locationContextEnabled=true, applicationCacheEnabled=true, takesScreenshot=true, version=47.0.1}]]]>
            </message>
            <full-stacktrace>
              <![CDATA[org.openqa.selenium.StaleElementReferenceException: Element not found in the cache - perhaps the page has changed since it was looked up
Command duration or timeout: 22.46 seconds
For documentation on this error, please visit: http://seleniumhq.org/exceptions/stale_element_reference.html
Build info: version: '2.53.1', revision: 'a36b8b1', time: '2016-06-30 17:37:03'
System info: host: 'sureshsir-PC', ip: '10.172.0.15', os.name: 'Windows 7', os.arch: 'amd64', os.version: '6.1', java.version: '1.7.0_79'
Session ID: 5b4988d2-b1ee-474a-bf3a-a8aee9a66890
Driver info: org.openqa.selenium.firefox.FirefoxDriver
Capabilities [{platform=WINDOWS, acceptSslCerts=true, javascriptEnabled=true, cssSelectorsEnabled=true, databaseEnabled=true, browserName=firefox, handlesAlerts=true, nativeEvents=false, webStorageEnabled=true, rotatable=false, locationContextEnabled=true, applicationCacheEnabled=true, takesScreenshot=true, version=47.0.1}]
	at sun.reflect.NativeConstructorAccessorImpl.newInstance0(Native Method)
	at sun.reflect.NativeConstructorAccessorImpl.newInstance(Unknown Source)
	at sun.reflect.DelegatingConstructorAccessorImpl.newInstance(Unknown Source)
	at java.lang.reflect.Constructor.newInstance(Unknown Source)
	at org.openqa.selenium.remote.ErrorHandler.createThrowable(ErrorHandler.java:206)
	at org.openqa.selenium.remote.ErrorHandler.throwIfResponseFailed(ErrorHandler.java:158)
	at org.openqa.selenium.remote.RemoteWebDriver.execute(RemoteWebDriver.java:678)
	at org.openqa.selenium.remote.RemoteWebElement.execute(RemoteWebElement.java:327)
	at org.openqa.selenium.remote.RemoteWebElement.click(RemoteWebElement.java:85)
	at com.orangehrm.library.OrangeHRMLogin.logout(OrangeHRMLogin.java:21)
	at com.orangehrm.tests.NewUserRegTest.userReg_end(NewUserRegTest.java:36)
	at sun.reflect.NativeMethodAccessorImpl.invoke0(Native Method)
	at sun.reflect.NativeMethodAccessorImpl.invoke(Unknown Source)
	at sun.reflect.DelegatingMethodAccessorImpl.invoke(Unknown Source)
	at java.lang.reflect.Method.invoke(Unknown Source)
	at org.testng.internal.MethodInvocationHelper.invokeMethod(MethodInvocationHelper.java:85)
	at org.testng.internal.Invoker.invokeConfigurationMethod(Invoker.java:510)
	at org.testng.internal.Invoker.invokeConfigurations(Invoker.java:211)
	at org.testng.internal.Invoker.invokeMethod(Invoker.java:703)
	at org.testng.internal.Invoker.invokeTestMethod(Invoker.java:816)
	at org.testng.internal.Invoker.invokeTestMethods(Invoker.java:1124)
	at org.testng.internal.TestMethodWorker.invokeTestMethods(TestMethodWorker.java:125)
	at org.testng.internal.TestMethodWorker.run(TestMethodWorker.java:108)
	at org.testng.TestRunner.privateRun(TestRunner.java:774)
	at org.testng.TestRunner.run(TestRunner.java:624)
	at org.testng.SuiteRunner.runTest(SuiteRunner.java:359)
	at org.testng.SuiteRunner.runSequentially(SuiteRunner.java:354)
	at org.testng.SuiteRunner.privateRun(SuiteRunner.java:312)
	at org.testng.SuiteRunner.run(SuiteRunner.java:261)
	at org.testng.SuiteRunnerWorker.runSuite(SuiteRunnerWorker.java:52)
	at org.testng.SuiteRunnerWorker.run(SuiteRunnerWorker.java:86)
	at org.testng.TestNG.runSuitesSequentially(TestNG.java:1215)
	at org.testng.TestNG.runSuitesLocally(TestNG.java:1140)
	at org.testng.TestNG.run(TestNG.java:1048)
	at org.testng.remote.AbstractRemoteTestNG.run(AbstractRemoteTestNG.java:132)
	at org.testng.remote.RemoteTestNG.initAndRun(RemoteTestNG.java:236)
	at org.testng.remote.RemoteTestNG.main(RemoteTestNG.java:81)
Caused by: org.openqa.selenium.StaleElementReferenceException: Element not found in the cache - perhaps the page has changed since it was looked up
For documentation on this error, please visit: http://seleniumhq.org/exceptions/stale_element_reference.html
Build info: version: '2.53.1', revision: 'a36b8b1', time: '2016-06-30 17:37:03'
System info: host: 'sureshsir-PC', ip: '10.172.0.15', os.name: 'Windows 7', os.arch: 'amd64', os.version: '6.1', java.version: '1.7.0_79'
Driver info: driver.version: unknown
	at <anonymous class>.fxdriver.cache.getElementAt(resource://fxdriver/modules/web-element-cache.js:9454)
	at <anonymous class>.Utils.getElementAt(file:///C:/Users/SURESH~1/AppData/Local/Temp/anonymous6903904468792341191webdriver-profile/extensions/fxdriver@googlecode.com/components/command-processor.js:9039)
	at <anonymous class>.fxdriver.preconditions.visible(file:///C:/Users/SURESH~1/AppData/Local/Temp/anonymous6903904468792341191webdriver-profile/extensions/fxdriver@googlecode.com/components/command-processor.js:10090)
	at <anonymous class>.DelayedCommand.prototype.checkPreconditions_(file:///C:/Users/SURESH~1/AppData/Local/Temp/anonymous6903904468792341191webdriver-profile/extensions/fxdriver@googlecode.com/components/command-processor.js:12644)
	at <anonymous class>.DelayedCommand.prototype.executeInternal_/h(file:///C:/Users/SURESH~1/AppData/Local/Temp/anonymous6903904468792341191webdriver-profile/extensions/fxdriver@googlecode.com/components/command-processor.js:12661)
	at <anonymous class>.fxdriver.Timer.prototype.setTimeout/<.notify(file:///C:/Users/SURESH~1/AppData/Local/Temp/anonymous6903904468792341191webdriver-profile/extensions/fxdriver@googlecode.com/components/command-processor.js:625)
]]>
            </full-stacktrace>
          </exception> <!-- org.openqa.selenium.StaleElementReferenceException -->
          <reporter-output>
          </reporter-output>
        </test-method> <!-- userReg_end -->
      </class> <!-- com.orangehrm.tests.NewUserRegTest -->
      <class name="com.orangehrm.tests.NewEmployeeRegistrationTest">
        <test-method status="PASS" signature="empreg_init()[pri:0, instance:com.orangehrm.tests.NewEmployeeRegistrationTest@4dd290b5]" name="empreg_init" is-config="true" duration-ms="20897" started-at="2016-12-03T08:23:11Z" finished-at="2016-12-03T08:23:32Z">
          <reporter-output>
          </reporter-output>
        </test-method> <!-- empreg_init -->
        <test-method status="PASS" signature="empregTest()[pri:0, instance:com.orangehrm.tests.NewEmployeeRegistrationTest@4dd290b5]" name="empregTest" duration-ms="7144" started-at="2016-12-03T08:23:32Z" finished-at="2016-12-03T08:23:39Z">
          <reporter-output>
          </reporter-output>
        </test-method> <!-- empregTest -->
        <test-method status="PASS" signature="empreg_end()[pri:0, instance:com.orangehrm.tests.NewEmployeeRegistrationTest@4dd290b5]" name="empreg_end" is-config="true" duration-ms="624" started-at="2016-12-03T08:23:39Z" finished-at="2016-12-03T08:23:39Z">
          <reporter-output>
          </reporter-output>
        </test-method> <!-- empreg_end -->
      </class> <!-- com.orangehrm.tests.NewEmployeeRegistrationTest -->
      <class name="com.orangehrm.tests.EmployeeLogiinTest">
        <test-method status="PASS" signature="empLoginTest()[pri:0, instance:com.orangehrm.tests.EmployeeLogiinTest@498dce5b]" name="empLoginTest" duration-ms="2605" started-at="2016-12-03T08:24:12Z" finished-at="2016-12-03T08:24:14Z">
          <reporter-output>
          </reporter-output>
        </test-method> <!-- empLoginTest -->
      </class> <!-- com.orangehrm.tests.EmployeeLogiinTest -->
    </test> <!-- Regression Test -->
  </suite> <!-- OrangeHRM Test Suite -->
</testng-results>
